<?xml version="1.0" encoding="UTF-8"?><testsuite errors="0" failures="0" name="User" skipped="0" tests="5" time="5.29" timestamp="2023-04-26 12:00:13"><testcase name="Get - As admin I have be able to get detail user"/><testcase name="POST - As admin I have be able to to create new user"/><testcase name="PUT - As admin I have be able to to update existing user"/><testcase name="DELETE- As admin I have be able to to delete existing user"/><testcase name="Get - As admin i want to see user 3 to get detail user"/></testsuite>